2022-12-26 17:50:53 INFO  Rest Assured:32 - ******************* Started TC001_GET_AllEmployees**********
2022-12-26 17:50:58 INFO  Rest Assured:94 - ************** Checking Content Encoding of the Response header************
2022-12-26 17:50:58 INFO  Rest Assured:96 - ***************contentEncoding is gzip*************
2022-12-26 17:50:58 INFO  Rest Assured:98 - ***************contentEncoding is not gzip*************
2022-12-26 17:50:58 INFO  Rest Assured:104 - ************** Checking Content Length of the Response header************
2022-12-26 17:50:58 INFO  Rest Assured:107 - ***************Content length is lesser than 800*************
2022-12-26 17:50:58 INFO  Rest Assured:73 - ************** Checking Content Type of the Response header************
2022-12-26 17:50:58 INFO  Rest Assured:76 - ***************Content Type is text/html; charset=UTF-8*************
2022-12-26 17:50:58 INFO  Rest Assured:119 - ***********  Checking Cookies **********
2022-12-26 17:50:58 INFO  Rest Assured:41 - ************** Checking Status Code of the Response************
2022-12-26 17:50:58 INFO  Rest Assured:43 - Response body {"status":"success","data":[{"id":1,"employee_name":"Tiger Nixon","employee_salary":320800,"employee_age":61,"profile_image":""},{"id":2,"employee_name":"Garrett Winters","employee_salary":170750,"employee_age":63,"profile_image":""},{"id":3,"employee_name":"Ashton Cox","employee_salary":86000,"employee_age":66,"profile_image":""},{"id":4,"employee_name":"Cedric Kelly","employee_salary":433060,"employee_age":22,"profile_image":""},{"id":5,"employee_name":"Airi Satou","employee_salary":162700,"employee_age":33,"profile_image":""},{"id":6,"employee_name":"Brielle Williamson","employee_salary":372000,"employee_age":61,"profile_image":""},{"id":7,"employee_name":"Herrod Chandler","employee_salary":137500,"employee_age":59,"profile_image":""},{"id":8,"employee_name":"Rhona Davidson","employee_salary":327900,"employee_age":55,"profile_image":""},{"id":9,"employee_name":"Colleen Hurst","employee_salary":205500,"employee_age":39,"profile_image":""},{"id":10,"employee_name":"Sonya Frost","employee_salary":103600,"employee_age":23,"profile_image":""},{"id":11,"employee_name":"Jena Gaines","employee_salary":90560,"employee_age":30,"profile_image":""},{"id":12,"employee_name":"Quinn Flynn","employee_salary":342000,"employee_age":22,"profile_image":""},{"id":13,"employee_name":"Charde Marshall","employee_salary":470600,"employee_age":36,"profile_image":""},{"id":14,"employee_name":"Haley Kennedy","employee_salary":313500,"employee_age":43,"profile_image":""},{"id":15,"employee_name":"Tatyana Fitzpatrick","employee_salary":385750,"employee_age":19,"profile_image":""},{"id":16,"employee_name":"Michael Silva","employee_salary":198500,"employee_age":66,"profile_image":""},{"id":17,"employee_name":"Paul Byrd","employee_salary":725000,"employee_age":64,"profile_image":""},{"id":18,"employee_name":"Gloria Little","employee_salary":237500,"employee_age":59,"profile_image":""},{"id":19,"employee_name":"Bradley Greer","employee_salary":132000,"employee_age":41,"profile_image":""},{"id":20,"employee_name":"Dai Rios","employee_salary":217500,"employee_age":35,"profile_image":""},{"id":21,"employee_name":"Jenette Caldwell","employee_salary":345000,"employee_age":30,"profile_image":""},{"id":22,"employee_name":"Yuri Berry","employee_salary":675000,"employee_age":40,"profile_image":""},{"id":23,"employee_name":"Caesar Vance","employee_salary":106450,"employee_age":21,"profile_image":""},{"id":24,"employee_name":"Doris Wilder","employee_salary":85600,"employee_age":23,"profile_image":""}],"message":"Successfully! All records has been fetched."}
2022-12-26 17:50:58 INFO  Rest Assured:84 - ************** Checking Server Type of the Response header************
2022-12-26 17:50:58 INFO  Rest Assured:86 - ***************serverType is nginx/1.14.1*************
2022-12-26 17:50:58 INFO  Rest Assured:51 - ************** Checking Status Code of the Response************
2022-12-26 17:50:58 INFO  Rest Assured:54 - ***************Staus code is 200*************
2022-12-26 17:50:58 INFO  Rest Assured:56 - ***************Staus code is not 200*************
2022-12-26 17:50:58 INFO  Rest Assured:62 - ************** Checking Status Line of the Response************
2022-12-26 17:50:58 INFO  Rest Assured:65 - ***************Staus line is HTTP/1.1 200 OK*************
2022-12-26 17:50:58 INFO  Rest Assured:67 - ***************Staus line is not HTTP/1.1 200 OK*************
2022-12-26 17:52:06 INFO  Rest Assured:32 - ******************* Started TC001_GET_AllEmployees**********
2022-12-26 17:52:13 INFO  Rest Assured:94 - ************** Checking Content Encoding of the Response header************
2022-12-26 17:52:13 INFO  Rest Assured:96 - ***************contentEncoding is gzip*************
2022-12-26 17:52:13 INFO  Rest Assured:98 - ***************contentEncoding is not gzip*************
2022-12-26 17:52:13 INFO  Rest Assured:104 - ************** Checking Content Length of the Response header************
2022-12-26 17:52:13 INFO  Rest Assured:107 - ***************Content length is lesser than 800*************
2022-12-26 17:52:13 INFO  Rest Assured:73 - ************** Checking Content Type of the Response header************
2022-12-26 17:52:13 INFO  Rest Assured:76 - ***************Content Type is text/html; charset=UTF-8*************
2022-12-26 17:52:13 INFO  Rest Assured:119 - ***********  Checking Cookies **********
2022-12-26 17:52:13 INFO  Rest Assured:41 - ************** Checking Status Code of the Response************
2022-12-26 17:52:13 INFO  Rest Assured:43 - Response body {"status":"success","data":[{"id":1,"employee_name":"Tiger Nixon","employee_salary":320800,"employee_age":61,"profile_image":""},{"id":2,"employee_name":"Garrett Winters","employee_salary":170750,"employee_age":63,"profile_image":""},{"id":3,"employee_name":"Ashton Cox","employee_salary":86000,"employee_age":66,"profile_image":""},{"id":4,"employee_name":"Cedric Kelly","employee_salary":433060,"employee_age":22,"profile_image":""},{"id":5,"employee_name":"Airi Satou","employee_salary":162700,"employee_age":33,"profile_image":""},{"id":6,"employee_name":"Brielle Williamson","employee_salary":372000,"employee_age":61,"profile_image":""},{"id":7,"employee_name":"Herrod Chandler","employee_salary":137500,"employee_age":59,"profile_image":""},{"id":8,"employee_name":"Rhona Davidson","employee_salary":327900,"employee_age":55,"profile_image":""},{"id":9,"employee_name":"Colleen Hurst","employee_salary":205500,"employee_age":39,"profile_image":""},{"id":10,"employee_name":"Sonya Frost","employee_salary":103600,"employee_age":23,"profile_image":""},{"id":11,"employee_name":"Jena Gaines","employee_salary":90560,"employee_age":30,"profile_image":""},{"id":12,"employee_name":"Quinn Flynn","employee_salary":342000,"employee_age":22,"profile_image":""},{"id":13,"employee_name":"Charde Marshall","employee_salary":470600,"employee_age":36,"profile_image":""},{"id":14,"employee_name":"Haley Kennedy","employee_salary":313500,"employee_age":43,"profile_image":""},{"id":15,"employee_name":"Tatyana Fitzpatrick","employee_salary":385750,"employee_age":19,"profile_image":""},{"id":16,"employee_name":"Michael Silva","employee_salary":198500,"employee_age":66,"profile_image":""},{"id":17,"employee_name":"Paul Byrd","employee_salary":725000,"employee_age":64,"profile_image":""},{"id":18,"employee_name":"Gloria Little","employee_salary":237500,"employee_age":59,"profile_image":""},{"id":19,"employee_name":"Bradley Greer","employee_salary":132000,"employee_age":41,"profile_image":""},{"id":20,"employee_name":"Dai Rios","employee_salary":217500,"employee_age":35,"profile_image":""},{"id":21,"employee_name":"Jenette Caldwell","employee_salary":345000,"employee_age":30,"profile_image":""},{"id":22,"employee_name":"Yuri Berry","employee_salary":675000,"employee_age":40,"profile_image":""},{"id":23,"employee_name":"Caesar Vance","employee_salary":106450,"employee_age":21,"profile_image":""},{"id":24,"employee_name":"Doris Wilder","employee_salary":85600,"employee_age":23,"profile_image":""}],"message":"Successfully! All records has been fetched."}
2022-12-26 17:52:13 INFO  Rest Assured:84 - ************** Checking Server Type of the Response header************
2022-12-26 17:52:13 INFO  Rest Assured:86 - ***************serverType is nginx/1.14.1*************
2022-12-26 17:52:13 INFO  Rest Assured:51 - ************** Checking Status Code of the Response************
2022-12-26 17:52:13 INFO  Rest Assured:54 - ***************Staus code is 200*************
2022-12-26 17:52:13 INFO  Rest Assured:56 - ***************Staus code is not 200*************
2022-12-26 17:52:13 INFO  Rest Assured:62 - ************** Checking Status Line of the Response************
2022-12-26 17:52:13 INFO  Rest Assured:65 - ***************Staus line is HTTP/1.1 200 OK*************
2022-12-26 17:52:13 INFO  Rest Assured:67 - ***************Staus line is not HTTP/1.1 200 OK*************
2022-12-26 17:53:59 INFO  Rest Assured:32 - ******************* Started TC001_GET_AllEmployees**********
2022-12-26 17:54:07 INFO  Rest Assured:94 - ************** Checking Content Encoding of the Response header************
2022-12-26 17:54:07 INFO  Rest Assured:96 - ***************contentEncoding is gzip*************
2022-12-26 17:54:07 INFO  Rest Assured:104 - ************** Checking Content Length of the Response header************
2022-12-26 17:54:07 INFO  Rest Assured:73 - ************** Checking Content Type of the Response header************
2022-12-26 17:54:07 INFO  Rest Assured:76 - ***************Content Type is application/json*************
2022-12-26 17:54:07 INFO  Rest Assured:119 - ***********  Checking Cookies **********
2022-12-26 17:54:07 INFO  Rest Assured:41 - ************** Checking Status Code of the Response************
2022-12-26 17:54:07 INFO  Rest Assured:43 - Response body {"status":"success","data":[{"id":1,"employee_name":"Tiger Nixon","employee_salary":320800,"employee_age":61,"profile_image":""},{"id":2,"employee_name":"Garrett Winters","employee_salary":170750,"employee_age":63,"profile_image":""},{"id":3,"employee_name":"Ashton Cox","employee_salary":86000,"employee_age":66,"profile_image":""},{"id":4,"employee_name":"Cedric Kelly","employee_salary":433060,"employee_age":22,"profile_image":""},{"id":5,"employee_name":"Airi Satou","employee_salary":162700,"employee_age":33,"profile_image":""},{"id":6,"employee_name":"Brielle Williamson","employee_salary":372000,"employee_age":61,"profile_image":""},{"id":7,"employee_name":"Herrod Chandler","employee_salary":137500,"employee_age":59,"profile_image":""},{"id":8,"employee_name":"Rhona Davidson","employee_salary":327900,"employee_age":55,"profile_image":""},{"id":9,"employee_name":"Colleen Hurst","employee_salary":205500,"employee_age":39,"profile_image":""},{"id":10,"employee_name":"Sonya Frost","employee_salary":103600,"employee_age":23,"profile_image":""},{"id":11,"employee_name":"Jena Gaines","employee_salary":90560,"employee_age":30,"profile_image":""},{"id":12,"employee_name":"Quinn Flynn","employee_salary":342000,"employee_age":22,"profile_image":""},{"id":13,"employee_name":"Charde Marshall","employee_salary":470600,"employee_age":36,"profile_image":""},{"id":14,"employee_name":"Haley Kennedy","employee_salary":313500,"employee_age":43,"profile_image":""},{"id":15,"employee_name":"Tatyana Fitzpatrick","employee_salary":385750,"employee_age":19,"profile_image":""},{"id":16,"employee_name":"Michael Silva","employee_salary":198500,"employee_age":66,"profile_image":""},{"id":17,"employee_name":"Paul Byrd","employee_salary":725000,"employee_age":64,"profile_image":""},{"id":18,"employee_name":"Gloria Little","employee_salary":237500,"employee_age":59,"profile_image":""},{"id":19,"employee_name":"Bradley Greer","employee_salary":132000,"employee_age":41,"profile_image":""},{"id":20,"employee_name":"Dai Rios","employee_salary":217500,"employee_age":35,"profile_image":""},{"id":21,"employee_name":"Jenette Caldwell","employee_salary":345000,"employee_age":30,"profile_image":""},{"id":22,"employee_name":"Yuri Berry","employee_salary":675000,"employee_age":40,"profile_image":""},{"id":23,"employee_name":"Caesar Vance","employee_salary":106450,"employee_age":21,"profile_image":""},{"id":24,"employee_name":"Doris Wilder","employee_salary":85600,"employee_age":23,"profile_image":""}],"message":"Successfully! All records has been fetched."}
2022-12-26 17:54:07 INFO  Rest Assured:84 - ************** Checking Server Type of the Response header************
2022-12-26 17:54:07 INFO  Rest Assured:86 - ***************serverType is nginx/1.14.1*************
2022-12-26 17:54:07 INFO  Rest Assured:51 - ************** Checking Status Code of the Response************
2022-12-26 17:54:07 INFO  Rest Assured:54 - ***************Staus code is 200*************
2022-12-26 17:54:07 INFO  Rest Assured:62 - ************** Checking Status Line of the Response************
2022-12-26 17:54:07 INFO  Rest Assured:65 - ***************Staus line is HTTP/1.1 200 OK*************
2022-12-26 18:23:22 INFO  Rest Assured:46 - ************Status Line ***************
2022-12-26 18:23:22 INFO  Rest Assured:38 - ************Status code ***************
2022-12-26 18:26:20 INFO  Rest Assured:46 - ************Status Line ***************
2022-12-26 18:26:20 INFO  Rest Assured:38 - ************Status code ***************
2022-12-26 18:34:09 INFO  Rest Assured:54 - ************Content Type is application/json***************
2022-12-26 18:34:09 INFO  Rest Assured:46 - ************Status Line is HTTP/1.1 200 OK***************
2022-12-26 18:34:09 INFO  Rest Assured:38 - ************Status code is 200***************
2022-12-26 18:57:17 INFO  Rest Assured:55 - ************Content Type is application/json***************
2022-12-26 18:57:17 INFO  Rest Assured:63 - ************Server Type is nginx/1.14.1***************
2022-12-26 18:57:17 INFO  Rest Assured:47 - ************Status Line is HTTP/1.1 200 OK***************
2022-12-26 18:57:17 INFO  Rest Assured:39 - ************Status code is 200***************
2022-12-26 18:57:57 INFO  Rest Assured:55 - ************Content Type is application/json***************
2022-12-26 18:57:57 INFO  Rest Assured:63 - ************Server Type is nginx/1.21.6***************
2022-12-26 18:57:57 INFO  Rest Assured:47 - ************Status Line is HTTP/1.1 200 OK***************
2022-12-26 18:57:57 INFO  Rest Assured:39 - ************Status code is 200***************
2022-12-26 19:24:21 INFO  Rest Assured:72 - ************Status Line is HTTP/1.1 201 OK***************
2022-12-26 19:24:21 INFO  Rest Assured:64 - ************Status code is 201***************
2022-12-26 19:25:50 INFO  Rest Assured:72 - ************Status Line is HTTP/1.1 201 OK***************
2022-12-26 19:25:50 INFO  Rest Assured:64 - ************Status code is 200***************
